{
  "0 debug pnpm:scope": {
    "selected": 1
  },
  "1 error pnpm": {
    "errno": 1,
    "code": "ELIFECYCLE",
    "pkgid": "antd-tree-scroll-bug@0.0.1",
    "stage": "dev",
    "script": "vite",
    "pkgname": "antd-tree-scroll-bug",
    "err": {
      "name": "pnpm",
      "message": "antd-tree-scroll-bug@0.0.1 dev: `vite`\nExit status 1",
      "code": "ELIFECYCLE",
      "stack": "pnpm: antd-tree-scroll-bug@0.0.1 dev: `vite`\nExit status 1\n    at EventEmitter.<anonymous> (D:\\node\\node_global\\node_modules\\pnpm\\dist\\pnpm.cjs:108600:20)\n    at EventEmitter.emit (node:events:527:28)\n    at ChildProcess.<anonymous> (D:\\node\\node_global\\node_modules\\pnpm\\dist\\pnpm.cjs:95166:18)\n    at ChildProcess.emit (node:events:527:28)\n    at maybeClose (node:internal/child_process:1092:16)\n    at Process.ChildProcess._handle.onexit (node:internal/child_process:302:5)"
    }
  },
  "2 warn pnpm:global": " Local package.json exists, but node_modules missing, did you mean to install?"
}